  main.cpp
C:\Users\David Nguyen\Desktop\gitHub\2048_cpp\main.cpp(1,9): warning C4068: unknown pragma 'GCC'
C:\Users\David Nguyen\Desktop\gitHub\2048_cpp\gameBoard.h(33,18): warning C4244: '=': conversion from 'unsigned int' to 'T', possible loss of data
          with
          [
              T=float
          ]
C:\Users\David Nguyen\Desktop\gitHub\2048_cpp\gameBoard.h(34,18): warning C4244: '=': conversion from 'unsigned int' to 'T', possible loss of data
          with
          [
              T=float
          ]
C:\Users\David Nguyen\Desktop\gitHub\2048_cpp\gameBoard.h(40,18): warning C4244: '=': conversion from 'unsigned int' to 'T', possible loss of data
          with
          [
              T=float
          ]
C:\Users\David Nguyen\Desktop\gitHub\2048_cpp\gameBoard.h(41,18): warning C4244: '=': conversion from 'unsigned int' to 'T', possible loss of data
          with
          [
              T=float
          ]
C:\Users\David Nguyen\Desktop\gitHub\2048_cpp\gameBoard.h(148,45): warning C4244: 'argument': conversion from 'int' to 'float', possible loss of data
C:\Users\David Nguyen\Desktop\gitHub\2048_cpp\gameBoard.h(148,28): warning C4244: 'argument': conversion from 'int' to 'float', possible loss of data
C:\Users\David Nguyen\Desktop\gitHub\2048_cpp\gameBoard.h(225,38): warning C4244: '=': conversion from 'unsigned int' to 'T', possible loss of data
          with
          [
              T=float
          ]
C:\Users\David Nguyen\Desktop\gitHub\2048_cpp\gameBoard.h(226,38): warning C4244: '=': conversion from 'unsigned int' to 'T', possible loss of data
          with
          [
              T=float
          ]
sfml-graphics-s.lib(Font.cpp.obj) : error LNK2001: unresolved external symbol _FT_Init_FreeType
sfml-graphics-s.lib(Font.cpp.obj) : error LNK2001: unresolved external symbol _FT_Done_FreeType
sfml-graphics-s.lib(Font.cpp.obj) : error LNK2001: unresolved external symbol _FT_New_Face
sfml-graphics-s.lib(Font.cpp.obj) : error LNK2001: unresolved external symbol _FT_New_Memory_Face
sfml-graphics-s.lib(Font.cpp.obj) : error LNK2001: unresolved external symbol _FT_Open_Face
sfml-graphics-s.lib(Font.cpp.obj) : error LNK2001: unresolved external symbol _FT_Done_Face
sfml-graphics-s.lib(Font.cpp.obj) : error LNK2001: unresolved external symbol _FT_Set_Pixel_Sizes
sfml-graphics-s.lib(Font.cpp.obj) : error LNK2001: unresolved external symbol _FT_Load_Char
sfml-graphics-s.lib(Font.cpp.obj) : error LNK2001: unresolved external symbol _FT_Get_Kerning
sfml-graphics-s.lib(Font.cpp.obj) : error LNK2001: unresolved external symbol _FT_Select_Charmap
sfml-graphics-s.lib(Font.cpp.obj) : error LNK2001: unresolved external symbol _FT_Get_Char_Index
sfml-graphics-s.lib(Font.cpp.obj) : error LNK2001: unresolved external symbol _FT_MulFix
sfml-graphics-s.lib(Font.cpp.obj) : error LNK2001: unresolved external symbol _FT_Get_Glyph
sfml-graphics-s.lib(Font.cpp.obj) : error LNK2001: unresolved external symbol _FT_Glyph_To_Bitmap
sfml-graphics-s.lib(Font.cpp.obj) : error LNK2001: unresolved external symbol _FT_Done_Glyph
sfml-graphics-s.lib(Font.cpp.obj) : error LNK2001: unresolved external symbol _FT_Outline_Embolden
sfml-graphics-s.lib(Font.cpp.obj) : error LNK2001: unresolved external symbol _FT_Bitmap_Embolden
sfml-graphics-s.lib(Font.cpp.obj) : error LNK2001: unresolved external symbol _FT_Stroker_New
sfml-graphics-s.lib(Font.cpp.obj) : error LNK2001: unresolved external symbol _FT_Stroker_Set
sfml-graphics-s.lib(Font.cpp.obj) : error LNK2001: unresolved external symbol _FT_Stroker_Done
sfml-graphics-s.lib(Font.cpp.obj) : error LNK2001: unresolved external symbol _FT_Glyph_Stroke
C:\Users\David Nguyen\Desktop\gitHub\2048_cpp\Release\2048_cpp.exe : fatal error LNK1120: 21 unresolved externals
